[09:50:18][INFO ][ContextLoader.java: 271] - Root WebApplicationContext: initialization started
[09:50:18][INFO ][ContextLoader.java: 307] - Root WebApplicationContext initialized in 546 ms
[09:50:19][INFO ][FrameworkServlet.java: 525] - Initializing Servlet 'appServlet'
[09:50:19][INFO ][FrameworkServlet.java: 547] - Completed initialization in 541 ms
[09:59:58][INFO ][ContextLoader.java: 271] - Root WebApplicationContext: initialization started
[09:59:58][INFO ][ContextLoader.java: 307] - Root WebApplicationContext initialized in 538 ms
[09:59:58][INFO ][FrameworkServlet.java: 525] - Initializing Servlet 'appServlet'
[09:59:59][INFO ][FrameworkServlet.java: 547] - Completed initialization in 540 ms
[10:37:45][WARN ][DispatcherServlet.java: 1278] - No mapping for GET /getdrive/bdetail.do
[10:57:40][INFO ][ContextLoader.java: 271] - Root WebApplicationContext: initialization started
[10:57:41][INFO ][ContextLoader.java: 307] - Root WebApplicationContext initialized in 492 ms
[10:57:41][INFO ][FrameworkServlet.java: 525] - Initializing Servlet 'appServlet'
[10:57:41][INFO ][FrameworkServlet.java: 547] - Completed initialization in 514 ms
[11:01:23][INFO ][ContextLoader.java: 271] - Root WebApplicationContext: initialization started
[11:01:23][INFO ][ContextLoader.java: 307] - Root WebApplicationContext initialized in 506 ms
[11:01:23][INFO ][FrameworkServlet.java: 525] - Initializing Servlet 'appServlet'
[11:01:24][INFO ][FrameworkServlet.java: 547] - Completed initialization in 558 ms
[11:02:10][INFO ][ContextLoader.java: 271] - Root WebApplicationContext: initialization started
[11:02:11][INFO ][ContextLoader.java: 307] - Root WebApplicationContext initialized in 523 ms
[11:02:11][INFO ][FrameworkServlet.java: 525] - Initializing Servlet 'appServlet'
[11:02:11][INFO ][FrameworkServlet.java: 547] - Completed initialization in 525 ms
[11:02:36][INFO ][ContextLoader.java: 271] - Root WebApplicationContext: initialization started
[11:02:37][INFO ][ContextLoader.java: 307] - Root WebApplicationContext initialized in 523 ms
[11:02:37][INFO ][FrameworkServlet.java: 525] - Initializing Servlet 'appServlet'
[11:02:37][INFO ][FrameworkServlet.java: 547] - Completed initialization in 508 ms
[11:06:27][INFO ][ContextLoader.java: 271] - Root WebApplicationContext: initialization started
[11:06:27][INFO ][ContextLoader.java: 307] - Root WebApplicationContext initialized in 529 ms
[11:06:27][INFO ][FrameworkServlet.java: 525] - Initializing Servlet 'appServlet'
[11:06:28][INFO ][FrameworkServlet.java: 547] - Completed initialization in 516 ms
[11:07:35][INFO ][ContextLoader.java: 271] - Root WebApplicationContext: initialization started
[11:07:35][INFO ][ContextLoader.java: 307] - Root WebApplicationContext initialized in 521 ms
[11:07:35][INFO ][FrameworkServlet.java: 525] - Initializing Servlet 'appServlet'
[11:07:36][INFO ][FrameworkServlet.java: 547] - Completed initialization in 522 ms
[11:08:02][INFO ][ContextLoader.java: 271] - Root WebApplicationContext: initialization started
[11:08:03][INFO ][ContextLoader.java: 307] - Root WebApplicationContext initialized in 535 ms
[11:08:03][INFO ][FrameworkServlet.java: 525] - Initializing Servlet 'appServlet'
[11:08:03][INFO ][FrameworkServlet.java: 547] - Completed initialization in 533 ms
[11:08:46][INFO ][ContextLoader.java: 271] - Root WebApplicationContext: initialization started
[11:08:46][INFO ][ContextLoader.java: 307] - Root WebApplicationContext initialized in 504 ms
[11:08:46][INFO ][FrameworkServlet.java: 525] - Initializing Servlet 'appServlet'
[11:08:47][INFO ][FrameworkServlet.java: 547] - Completed initialization in 532 ms
[11:09:14][INFO ][ContextLoader.java: 271] - Root WebApplicationContext: initialization started
[11:09:15][INFO ][ContextLoader.java: 307] - Root WebApplicationContext initialized in 541 ms
[11:09:15][INFO ][FrameworkServlet.java: 525] - Initializing Servlet 'appServlet'
[11:09:15][INFO ][FrameworkServlet.java: 547] - Completed initialization in 535 ms
[11:09:58][INFO ][ContextLoader.java: 271] - Root WebApplicationContext: initialization started
[11:09:59][INFO ][ContextLoader.java: 307] - Root WebApplicationContext initialized in 523 ms
[11:09:59][INFO ][FrameworkServlet.java: 525] - Initializing Servlet 'appServlet'
[11:09:59][INFO ][FrameworkServlet.java: 547] - Completed initialization in 507 ms
[11:11:00][INFO ][ContextLoader.java: 271] - Root WebApplicationContext: initialization started
[11:11:00][INFO ][ContextLoader.java: 307] - Root WebApplicationContext initialized in 501 ms
[11:11:00][INFO ][FrameworkServlet.java: 525] - Initializing Servlet 'appServlet'
[11:11:01][INFO ][FrameworkServlet.java: 547] - Completed initialization in 528 ms
[11:13:01][INFO ][ContextLoader.java: 271] - Root WebApplicationContext: initialization started
[11:13:01][INFO ][ContextLoader.java: 307] - Root WebApplicationContext initialized in 523 ms
[11:13:01][INFO ][FrameworkServlet.java: 525] - Initializing Servlet 'appServlet'
[11:13:02][INFO ][FrameworkServlet.java: 547] - Completed initialization in 525 ms
[11:13:26][INFO ][ContextLoader.java: 271] - Root WebApplicationContext: initialization started
[11:13:27][INFO ][ContextLoader.java: 307] - Root WebApplicationContext initialized in 498 ms
[11:13:27][INFO ][FrameworkServlet.java: 525] - Initializing Servlet 'appServlet'
[11:13:27][INFO ][FrameworkServlet.java: 547] - Completed initialization in 516 ms
[11:14:31][INFO ][ContextLoader.java: 271] - Root WebApplicationContext: initialization started
[11:14:32][INFO ][ContextLoader.java: 307] - Root WebApplicationContext initialized in 502 ms
[11:14:32][INFO ][FrameworkServlet.java: 525] - Initializing Servlet 'appServlet'
[11:14:32][INFO ][FrameworkServlet.java: 547] - Completed initialization in 532 ms
[11:15:39][INFO ][ContextLoader.java: 271] - Root WebApplicationContext: initialization started
[11:15:40][INFO ][ContextLoader.java: 307] - Root WebApplicationContext initialized in 509 ms
[11:15:40][INFO ][FrameworkServlet.java: 525] - Initializing Servlet 'appServlet'
[11:15:40][INFO ][FrameworkServlet.java: 547] - Completed initialization in 527 ms
[11:16:11][INFO ][ContextLoader.java: 271] - Root WebApplicationContext: initialization started
[11:16:12][INFO ][ContextLoader.java: 307] - Root WebApplicationContext initialized in 509 ms
[11:16:12][INFO ][FrameworkServlet.java: 525] - Initializing Servlet 'appServlet'
[11:16:12][INFO ][FrameworkServlet.java: 547] - Completed initialization in 537 ms
[11:17:36][INFO ][ContextLoader.java: 271] - Root WebApplicationContext: initialization started
[11:17:37][INFO ][ContextLoader.java: 307] - Root WebApplicationContext initialized in 505 ms
[11:17:37][INFO ][FrameworkServlet.java: 525] - Initializing Servlet 'appServlet'
[11:17:37][INFO ][FrameworkServlet.java: 547] - Completed initialization in 507 ms
[11:18:07][INFO ][ContextLoader.java: 271] - Root WebApplicationContext: initialization started
[11:18:08][INFO ][ContextLoader.java: 307] - Root WebApplicationContext initialized in 508 ms
[11:18:08][INFO ][FrameworkServlet.java: 525] - Initializing Servlet 'appServlet'
[11:18:08][INFO ][FrameworkServlet.java: 547] - Completed initialization in 530 ms
[11:18:49][INFO ][ContextLoader.java: 271] - Root WebApplicationContext: initialization started
[11:18:50][INFO ][ContextLoader.java: 307] - Root WebApplicationContext initialized in 506 ms
[11:18:50][INFO ][FrameworkServlet.java: 525] - Initializing Servlet 'appServlet'
[11:18:50][INFO ][FrameworkServlet.java: 547] - Completed initialization in 520 ms
[11:19:11][INFO ][ContextLoader.java: 271] - Root WebApplicationContext: initialization started
[11:19:12][INFO ][ContextLoader.java: 307] - Root WebApplicationContext initialized in 530 ms
[11:19:12][INFO ][FrameworkServlet.java: 525] - Initializing Servlet 'appServlet'
[11:19:12][INFO ][FrameworkServlet.java: 547] - Completed initialization in 533 ms
[11:20:19][INFO ][ContextLoader.java: 271] - Root WebApplicationContext: initialization started
[11:20:20][INFO ][ContextLoader.java: 307] - Root WebApplicationContext initialized in 516 ms
[11:20:20][INFO ][FrameworkServlet.java: 525] - Initializing Servlet 'appServlet'
[11:20:20][INFO ][FrameworkServlet.java: 547] - Completed initialization in 528 ms
[11:22:55][INFO ][ContextLoader.java: 271] - Root WebApplicationContext: initialization started
[11:22:55][INFO ][ContextLoader.java: 307] - Root WebApplicationContext initialized in 526 ms
[11:22:55][INFO ][FrameworkServlet.java: 525] - Initializing Servlet 'appServlet'
[11:22:56][INFO ][FrameworkServlet.java: 547] - Completed initialization in 516 ms
[11:23:20][INFO ][ContextLoader.java: 271] - Root WebApplicationContext: initialization started
[11:23:20][INFO ][ContextLoader.java: 307] - Root WebApplicationContext initialized in 510 ms
[11:23:20][INFO ][FrameworkServlet.java: 525] - Initializing Servlet 'appServlet'
[11:23:21][INFO ][FrameworkServlet.java: 547] - Completed initialization in 539 ms
[11:23:40][INFO ][ContextLoader.java: 271] - Root WebApplicationContext: initialization started
[11:23:41][INFO ][ContextLoader.java: 307] - Root WebApplicationContext initialized in 508 ms
[11:23:41][INFO ][FrameworkServlet.java: 525] - Initializing Servlet 'appServlet'
[11:23:41][INFO ][FrameworkServlet.java: 547] - Completed initialization in 514 ms
[11:24:09][INFO ][ContextLoader.java: 271] - Root WebApplicationContext: initialization started
[11:24:09][INFO ][ContextLoader.java: 307] - Root WebApplicationContext initialized in 520 ms
[11:24:09][INFO ][FrameworkServlet.java: 525] - Initializing Servlet 'appServlet'
[11:24:10][INFO ][FrameworkServlet.java: 547] - Completed initialization in 549 ms
[11:24:39][INFO ][ContextLoader.java: 271] - Root WebApplicationContext: initialization started
[11:24:40][INFO ][ContextLoader.java: 307] - Root WebApplicationContext initialized in 517 ms
[11:24:40][INFO ][FrameworkServlet.java: 525] - Initializing Servlet 'appServlet'
[11:24:40][INFO ][FrameworkServlet.java: 547] - Completed initialization in 532 ms
[11:24:56][INFO ][ContextLoader.java: 271] - Root WebApplicationContext: initialization started
[11:24:56][INFO ][ContextLoader.java: 307] - Root WebApplicationContext initialized in 518 ms
[11:24:56][INFO ][FrameworkServlet.java: 525] - Initializing Servlet 'appServlet'
[11:24:57][INFO ][FrameworkServlet.java: 547] - Completed initialization in 518 ms
[11:25:22][INFO ][ContextLoader.java: 271] - Root WebApplicationContext: initialization started
[11:25:22][INFO ][ContextLoader.java: 307] - Root WebApplicationContext initialized in 519 ms
[11:25:22][INFO ][FrameworkServlet.java: 525] - Initializing Servlet 'appServlet'
[11:25:23][INFO ][FrameworkServlet.java: 547] - Completed initialization in 526 ms
[11:27:30][INFO ][ContextLoader.java: 271] - Root WebApplicationContext: initialization started
[11:27:30][INFO ][ContextLoader.java: 307] - Root WebApplicationContext initialized in 544 ms
[11:27:30][INFO ][FrameworkServlet.java: 525] - Initializing Servlet 'appServlet'
[11:27:31][INFO ][FrameworkServlet.java: 547] - Completed initialization in 533 ms
[11:29:29][INFO ][ContextLoader.java: 271] - Root WebApplicationContext: initialization started
[11:29:30][INFO ][ContextLoader.java: 307] - Root WebApplicationContext initialized in 509 ms
[11:29:30][INFO ][FrameworkServlet.java: 525] - Initializing Servlet 'appServlet'
[11:29:30][INFO ][FrameworkServlet.java: 547] - Completed initialization in 509 ms
[11:29:42][INFO ][ContextLoader.java: 271] - Root WebApplicationContext: initialization started
[11:29:42][INFO ][ContextLoader.java: 307] - Root WebApplicationContext initialized in 525 ms
[11:29:42][INFO ][FrameworkServlet.java: 525] - Initializing Servlet 'appServlet'
[11:29:43][INFO ][FrameworkServlet.java: 547] - Completed initialization in 524 ms
[11:30:07][INFO ][ContextLoader.java: 271] - Root WebApplicationContext: initialization started
[11:30:08][INFO ][ContextLoader.java: 307] - Root WebApplicationContext initialized in 534 ms
[11:30:08][INFO ][FrameworkServlet.java: 525] - Initializing Servlet 'appServlet'
[11:30:08][INFO ][FrameworkServlet.java: 547] - Completed initialization in 542 ms
[11:30:32][INFO ][ContextLoader.java: 271] - Root WebApplicationContext: initialization started
[11:30:32][INFO ][ContextLoader.java: 307] - Root WebApplicationContext initialized in 489 ms
[11:30:32][INFO ][FrameworkServlet.java: 525] - Initializing Servlet 'appServlet'
[11:30:33][INFO ][FrameworkServlet.java: 547] - Completed initialization in 546 ms
[11:31:14][INFO ][ContextLoader.java: 271] - Root WebApplicationContext: initialization started
[11:31:15][INFO ][ContextLoader.java: 307] - Root WebApplicationContext initialized in 501 ms
[11:31:15][INFO ][FrameworkServlet.java: 525] - Initializing Servlet 'appServlet'
[11:31:15][INFO ][FrameworkServlet.java: 547] - Completed initialization in 525 ms
[11:33:07][INFO ][ContextLoader.java: 271] - Root WebApplicationContext: initialization started
[11:33:07][INFO ][ContextLoader.java: 307] - Root WebApplicationContext initialized in 507 ms
[11:33:07][INFO ][FrameworkServlet.java: 525] - Initializing Servlet 'appServlet'
[11:33:08][INFO ][FrameworkServlet.java: 547] - Completed initialization in 514 ms
[11:33:23][INFO ][ContextLoader.java: 271] - Root WebApplicationContext: initialization started
[11:33:23][INFO ][ContextLoader.java: 307] - Root WebApplicationContext initialized in 536 ms
[11:33:23][INFO ][FrameworkServlet.java: 525] - Initializing Servlet 'appServlet'
[11:33:24][INFO ][FrameworkServlet.java: 547] - Completed initialization in 526 ms
[11:33:53][INFO ][ContextLoader.java: 271] - Root WebApplicationContext: initialization started
[11:33:54][INFO ][ContextLoader.java: 307] - Root WebApplicationContext initialized in 503 ms
[11:33:54][INFO ][FrameworkServlet.java: 525] - Initializing Servlet 'appServlet'
[11:33:54][INFO ][FrameworkServlet.java: 547] - Completed initialization in 525 ms
[11:34:32][INFO ][ContextLoader.java: 271] - Root WebApplicationContext: initialization started
[11:34:32][INFO ][ContextLoader.java: 307] - Root WebApplicationContext initialized in 504 ms
[11:34:32][INFO ][FrameworkServlet.java: 525] - Initializing Servlet 'appServlet'
[11:34:33][INFO ][FrameworkServlet.java: 547] - Completed initialization in 514 ms
[11:41:52][INFO ][ContextLoader.java: 271] - Root WebApplicationContext: initialization started
[11:41:53][INFO ][ContextLoader.java: 307] - Root WebApplicationContext initialized in 509 ms
[11:41:53][INFO ][FrameworkServlet.java: 525] - Initializing Servlet 'appServlet'
[11:41:53][INFO ][FrameworkServlet.java: 547] - Completed initialization in 529 ms
[11:42:11][INFO ][ContextLoader.java: 271] - Root WebApplicationContext: initialization started
[11:42:12][INFO ][ContextLoader.java: 307] - Root WebApplicationContext initialized in 504 ms
[11:42:12][INFO ][FrameworkServlet.java: 525] - Initializing Servlet 'appServlet'
[11:42:12][INFO ][FrameworkServlet.java: 547] - Completed initialization in 519 ms
[11:42:43][INFO ][ContextLoader.java: 271] - Root WebApplicationContext: initialization started
[11:42:44][INFO ][ContextLoader.java: 307] - Root WebApplicationContext initialized in 487 ms
[11:42:44][INFO ][FrameworkServlet.java: 525] - Initializing Servlet 'appServlet'
[11:42:44][INFO ][FrameworkServlet.java: 547] - Completed initialization in 516 ms
[11:44:45][INFO ][ContextLoader.java: 271] - Root WebApplicationContext: initialization started
[11:44:46][INFO ][ContextLoader.java: 307] - Root WebApplicationContext initialized in 511 ms
[11:44:46][INFO ][FrameworkServlet.java: 525] - Initializing Servlet 'appServlet'
[11:44:47][INFO ][FrameworkServlet.java: 547] - Completed initialization in 532 ms
[11:45:13][INFO ][ContextLoader.java: 271] - Root WebApplicationContext: initialization started
[11:45:14][INFO ][ContextLoader.java: 307] - Root WebApplicationContext initialized in 518 ms
[11:45:14][INFO ][FrameworkServlet.java: 525] - Initializing Servlet 'appServlet'
[11:45:14][INFO ][FrameworkServlet.java: 547] - Completed initialization in 528 ms
[11:51:05][INFO ][ContextLoader.java: 271] - Root WebApplicationContext: initialization started
[11:51:06][INFO ][ContextLoader.java: 307] - Root WebApplicationContext initialized in 517 ms
[11:51:06][INFO ][FrameworkServlet.java: 525] - Initializing Servlet 'appServlet'
[11:51:06][INFO ][FrameworkServlet.java: 547] - Completed initialization in 537 ms
[11:57:26][INFO ][ContextLoader.java: 271] - Root WebApplicationContext: initialization started
[11:57:27][INFO ][ContextLoader.java: 307] - Root WebApplicationContext initialized in 523 ms
[11:57:27][INFO ][FrameworkServlet.java: 525] - Initializing Servlet 'appServlet'
[11:57:27][INFO ][FrameworkServlet.java: 547] - Completed initialization in 561 ms
[11:57:59][INFO ][ContextLoader.java: 271] - Root WebApplicationContext: initialization started
[11:58:00][INFO ][ContextLoader.java: 307] - Root WebApplicationContext initialized in 498 ms
[11:58:00][INFO ][FrameworkServlet.java: 525] - Initializing Servlet 'appServlet'
[11:58:00][INFO ][FrameworkServlet.java: 547] - Completed initialization in 542 ms
[11:58:49][INFO ][ContextLoader.java: 271] - Root WebApplicationContext: initialization started
[11:58:49][INFO ][ContextLoader.java: 307] - Root WebApplicationContext initialized in 512 ms
[11:58:49][INFO ][FrameworkServlet.java: 525] - Initializing Servlet 'appServlet'
[11:58:50][INFO ][FrameworkServlet.java: 547] - Completed initialization in 522 ms
[11:59:32][INFO ][ContextLoader.java: 271] - Root WebApplicationContext: initialization started
[11:59:33][INFO ][ContextLoader.java: 307] - Root WebApplicationContext initialized in 519 ms
[11:59:33][INFO ][FrameworkServlet.java: 525] - Initializing Servlet 'appServlet'
[11:59:33][INFO ][FrameworkServlet.java: 547] - Completed initialization in 515 ms
[12:03:16][INFO ][ContextLoader.java: 271] - Root WebApplicationContext: initialization started
[12:03:16][INFO ][ContextLoader.java: 307] - Root WebApplicationContext initialized in 501 ms
[12:03:16][INFO ][FrameworkServlet.java: 525] - Initializing Servlet 'appServlet'
[12:03:17][INFO ][FrameworkServlet.java: 547] - Completed initialization in 516 ms
[12:03:45][INFO ][ContextLoader.java: 271] - Root WebApplicationContext: initialization started
[12:03:45][INFO ][ContextLoader.java: 307] - Root WebApplicationContext initialized in 527 ms
[12:03:45][INFO ][FrameworkServlet.java: 525] - Initializing Servlet 'appServlet'
[12:03:46][INFO ][FrameworkServlet.java: 547] - Completed initialization in 555 ms
[12:04:03][INFO ][ContextLoader.java: 271] - Root WebApplicationContext: initialization started
[12:04:04][INFO ][ContextLoader.java: 307] - Root WebApplicationContext initialized in 504 ms
[12:04:04][INFO ][FrameworkServlet.java: 525] - Initializing Servlet 'appServlet'
[12:04:04][INFO ][FrameworkServlet.java: 547] - Completed initialization in 523 ms
[12:04:36][INFO ][ContextLoader.java: 271] - Root WebApplicationContext: initialization started
[12:04:36][INFO ][ContextLoader.java: 307] - Root WebApplicationContext initialized in 516 ms
[12:04:36][INFO ][FrameworkServlet.java: 525] - Initializing Servlet 'appServlet'
[12:04:37][INFO ][FrameworkServlet.java: 547] - Completed initialization in 526 ms
[12:06:28][INFO ][ContextLoader.java: 271] - Root WebApplicationContext: initialization started
[12:06:29][INFO ][ContextLoader.java: 307] - Root WebApplicationContext initialized in 500 ms
[12:06:29][INFO ][FrameworkServlet.java: 525] - Initializing Servlet 'appServlet'
[12:06:30][INFO ][FrameworkServlet.java: 547] - Completed initialization in 528 ms
[12:07:10][INFO ][ContextLoader.java: 271] - Root WebApplicationContext: initialization started
[12:07:10][INFO ][ContextLoader.java: 307] - Root WebApplicationContext initialized in 530 ms
[12:07:10][INFO ][FrameworkServlet.java: 525] - Initializing Servlet 'appServlet'
[12:07:11][INFO ][FrameworkServlet.java: 547] - Completed initialization in 536 ms
[12:08:07][INFO ][ContextLoader.java: 271] - Root WebApplicationContext: initialization started
[12:08:07][INFO ][ContextLoader.java: 307] - Root WebApplicationContext initialized in 533 ms
[12:08:07][INFO ][FrameworkServlet.java: 525] - Initializing Servlet 'appServlet'
[12:08:08][INFO ][FrameworkServlet.java: 547] - Completed initialization in 538 ms
[12:09:10][INFO ][ContextLoader.java: 271] - Root WebApplicationContext: initialization started
[12:09:11][INFO ][ContextLoader.java: 307] - Root WebApplicationContext initialized in 535 ms
[12:09:11][INFO ][FrameworkServlet.java: 525] - Initializing Servlet 'appServlet'
[12:09:11][INFO ][FrameworkServlet.java: 547] - Completed initialization in 520 ms
[12:09:37][INFO ][ContextLoader.java: 271] - Root WebApplicationContext: initialization started
[12:09:37][INFO ][ContextLoader.java: 307] - Root WebApplicationContext initialized in 522 ms
[12:09:37][INFO ][FrameworkServlet.java: 525] - Initializing Servlet 'appServlet'
[12:09:38][INFO ][FrameworkServlet.java: 547] - Completed initialization in 521 ms
[12:10:48][INFO ][ContextLoader.java: 271] - Root WebApplicationContext: initialization started
[12:10:49][INFO ][ContextLoader.java: 307] - Root WebApplicationContext initialized in 490 ms
[12:10:49][INFO ][FrameworkServlet.java: 525] - Initializing Servlet 'appServlet'
[12:10:49][INFO ][FrameworkServlet.java: 547] - Completed initialization in 515 ms
[12:12:03][INFO ][ContextLoader.java: 271] - Root WebApplicationContext: initialization started
[12:12:03][INFO ][ContextLoader.java: 307] - Root WebApplicationContext initialized in 520 ms
[12:12:03][INFO ][FrameworkServlet.java: 525] - Initializing Servlet 'appServlet'
[12:12:04][INFO ][FrameworkServlet.java: 547] - Completed initialization in 549 ms
[12:12:20][INFO ][ContextLoader.java: 271] - Root WebApplicationContext: initialization started
[12:12:21][INFO ][ContextLoader.java: 307] - Root WebApplicationContext initialized in 509 ms
[12:12:21][INFO ][FrameworkServlet.java: 525] - Initializing Servlet 'appServlet'
[12:12:21][INFO ][FrameworkServlet.java: 547] - Completed initialization in 569 ms
[12:12:57][INFO ][ContextLoader.java: 271] - Root WebApplicationContext: initialization started
[12:12:57][INFO ][ContextLoader.java: 307] - Root WebApplicationContext initialized in 486 ms
[12:12:57][INFO ][FrameworkServlet.java: 525] - Initializing Servlet 'appServlet'
[12:12:58][INFO ][FrameworkServlet.java: 547] - Completed initialization in 546 ms
[12:13:14][INFO ][ContextLoader.java: 271] - Root WebApplicationContext: initialization started
[12:13:14][INFO ][ContextLoader.java: 307] - Root WebApplicationContext initialized in 502 ms
[12:13:14][INFO ][FrameworkServlet.java: 525] - Initializing Servlet 'appServlet'
[12:13:15][INFO ][FrameworkServlet.java: 547] - Completed initialization in 529 ms
[12:13:33][INFO ][ContextLoader.java: 271] - Root WebApplicationContext: initialization started
[12:13:33][INFO ][ContextLoader.java: 307] - Root WebApplicationContext initialized in 506 ms
[12:13:33][INFO ][FrameworkServlet.java: 525] - Initializing Servlet 'appServlet'
[12:13:34][INFO ][FrameworkServlet.java: 547] - Completed initialization in 528 ms
[12:14:55][INFO ][ContextLoader.java: 271] - Root WebApplicationContext: initialization started
[12:14:55][INFO ][ContextLoader.java: 307] - Root WebApplicationContext initialized in 518 ms
[12:14:55][INFO ][FrameworkServlet.java: 525] - Initializing Servlet 'appServlet'
[12:14:56][INFO ][FrameworkServlet.java: 547] - Completed initialization in 527 ms
[12:39:47][INFO ][ContextLoader.java: 271] - Root WebApplicationContext: initialization started
[12:39:48][INFO ][ContextLoader.java: 307] - Root WebApplicationContext initialized in 531 ms
[12:39:48][INFO ][FrameworkServlet.java: 525] - Initializing Servlet 'appServlet'
[12:39:48][INFO ][FrameworkServlet.java: 547] - Completed initialization in 535 ms
[12:40:25][INFO ][ContextLoader.java: 271] - Root WebApplicationContext: initialization started
[12:40:26][INFO ][ContextLoader.java: 307] - Root WebApplicationContext initialized in 524 ms
[12:40:26][INFO ][FrameworkServlet.java: 525] - Initializing Servlet 'appServlet'
[12:40:26][INFO ][FrameworkServlet.java: 547] - Completed initialization in 520 ms
[12:42:48][INFO ][ContextLoader.java: 271] - Root WebApplicationContext: initialization started
[12:42:48][INFO ][ContextLoader.java: 307] - Root WebApplicationContext initialized in 504 ms
[12:42:48][INFO ][FrameworkServlet.java: 525] - Initializing Servlet 'appServlet'
[12:42:49][INFO ][FrameworkServlet.java: 547] - Completed initialization in 530 ms
[12:45:44][INFO ][ContextLoader.java: 271] - Root WebApplicationContext: initialization started
[12:45:45][INFO ][ContextLoader.java: 307] - Root WebApplicationContext initialized in 504 ms
[12:45:45][INFO ][FrameworkServlet.java: 525] - Initializing Servlet 'appServlet'
[12:45:45][INFO ][FrameworkServlet.java: 547] - Completed initialization in 536 ms
[12:46:32][INFO ][ContextLoader.java: 271] - Root WebApplicationContext: initialization started
[12:46:33][INFO ][ContextLoader.java: 307] - Root WebApplicationContext initialized in 513 ms
[12:46:33][INFO ][FrameworkServlet.java: 525] - Initializing Servlet 'appServlet'
[12:46:33][INFO ][FrameworkServlet.java: 547] - Completed initialization in 534 ms
[12:50:02][INFO ][ContextLoader.java: 271] - Root WebApplicationContext: initialization started
[12:50:02][INFO ][ContextLoader.java: 307] - Root WebApplicationContext initialized in 523 ms
[12:50:02][INFO ][FrameworkServlet.java: 525] - Initializing Servlet 'appServlet'
[12:50:03][INFO ][FrameworkServlet.java: 547] - Completed initialization in 519 ms
[12:52:41][INFO ][ContextLoader.java: 271] - Root WebApplicationContext: initialization started
[12:52:41][INFO ][ContextLoader.java: 307] - Root WebApplicationContext initialized in 537 ms
[12:52:41][INFO ][FrameworkServlet.java: 525] - Initializing Servlet 'appServlet'
[12:52:42][INFO ][FrameworkServlet.java: 547] - Completed initialization in 521 ms
[12:54:14][INFO ][ContextLoader.java: 271] - Root WebApplicationContext: initialization started
[12:54:14][INFO ][ContextLoader.java: 307] - Root WebApplicationContext initialized in 516 ms
[12:54:14][INFO ][FrameworkServlet.java: 525] - Initializing Servlet 'appServlet'
[12:54:15][INFO ][FrameworkServlet.java: 547] - Completed initialization in 525 ms
[12:57:04][INFO ][ContextLoader.java: 271] - Root WebApplicationContext: initialization started
[12:57:04][INFO ][ContextLoader.java: 307] - Root WebApplicationContext initialized in 509 ms
[12:57:04][INFO ][FrameworkServlet.java: 525] - Initializing Servlet 'appServlet'
[12:57:05][INFO ][FrameworkServlet.java: 547] - Completed initialization in 523 ms
[12:57:42][INFO ][ContextLoader.java: 271] - Root WebApplicationContext: initialization started
[12:57:42][INFO ][ContextLoader.java: 307] - Root WebApplicationContext initialized in 507 ms
[12:57:42][INFO ][FrameworkServlet.java: 525] - Initializing Servlet 'appServlet'
[12:57:43][INFO ][FrameworkServlet.java: 547] - Completed initialization in 530 ms
[12:58:48][INFO ][ContextLoader.java: 271] - Root WebApplicationContext: initialization started
[12:58:48][INFO ][ContextLoader.java: 307] - Root WebApplicationContext initialized in 517 ms
[12:58:48][INFO ][FrameworkServlet.java: 525] - Initializing Servlet 'appServlet'
[12:58:49][INFO ][FrameworkServlet.java: 547] - Completed initialization in 536 ms
[13:00:33][INFO ][ContextLoader.java: 271] - Root WebApplicationContext: initialization started
[13:00:33][INFO ][ContextLoader.java: 307] - Root WebApplicationContext initialized in 507 ms
[13:00:33][INFO ][FrameworkServlet.java: 525] - Initializing Servlet 'appServlet'
[13:00:34][INFO ][FrameworkServlet.java: 547] - Completed initialization in 512 ms
[13:01:26][INFO ][ContextLoader.java: 271] - Root WebApplicationContext: initialization started
[13:01:26][INFO ][ContextLoader.java: 307] - Root WebApplicationContext initialized in 504 ms
[13:01:26][INFO ][FrameworkServlet.java: 525] - Initializing Servlet 'appServlet'
[13:01:27][INFO ][FrameworkServlet.java: 547] - Completed initialization in 521 ms
[13:03:35][INFO ][ContextLoader.java: 271] - Root WebApplicationContext: initialization started
[13:03:35][INFO ][ContextLoader.java: 307] - Root WebApplicationContext initialized in 515 ms
[13:03:35][INFO ][FrameworkServlet.java: 525] - Initializing Servlet 'appServlet'
[13:03:36][INFO ][FrameworkServlet.java: 547] - Completed initialization in 570 ms
[13:05:08][INFO ][ContextLoader.java: 271] - Root WebApplicationContext: initialization started
[13:05:09][INFO ][ContextLoader.java: 307] - Root WebApplicationContext initialized in 503 ms
[13:05:09][INFO ][FrameworkServlet.java: 525] - Initializing Servlet 'appServlet'
[13:05:09][INFO ][FrameworkServlet.java: 547] - Completed initialization in 517 ms
[13:05:49][INFO ][ContextLoader.java: 271] - Root WebApplicationContext: initialization started
[13:05:49][INFO ][ContextLoader.java: 307] - Root WebApplicationContext initialized in 502 ms
[13:05:49][INFO ][FrameworkServlet.java: 525] - Initializing Servlet 'appServlet'
[13:05:50][INFO ][FrameworkServlet.java: 547] - Completed initialization in 509 ms
[13:06:14][INFO ][ContextLoader.java: 271] - Root WebApplicationContext: initialization started
[13:06:14][INFO ][ContextLoader.java: 307] - Root WebApplicationContext initialized in 523 ms
[13:06:14][INFO ][FrameworkServlet.java: 525] - Initializing Servlet 'appServlet'
[13:06:15][INFO ][FrameworkServlet.java: 547] - Completed initialization in 532 ms
[13:06:38][INFO ][ContextLoader.java: 271] - Root WebApplicationContext: initialization started
[13:06:38][INFO ][ContextLoader.java: 307] - Root WebApplicationContext initialized in 523 ms
[13:06:38][INFO ][FrameworkServlet.java: 525] - Initializing Servlet 'appServlet'
[13:06:39][INFO ][FrameworkServlet.java: 547] - Completed initialization in 524 ms
[13:07:38][INFO ][ContextLoader.java: 271] - Root WebApplicationContext: initialization started
[13:07:39][INFO ][ContextLoader.java: 307] - Root WebApplicationContext initialized in 506 ms
[13:07:39][INFO ][FrameworkServlet.java: 525] - Initializing Servlet 'appServlet'
[13:07:39][INFO ][FrameworkServlet.java: 547] - Completed initialization in 515 ms
[13:11:36][INFO ][ContextLoader.java: 271] - Root WebApplicationContext: initialization started
[13:11:36][INFO ][ContextLoader.java: 307] - Root WebApplicationContext initialized in 520 ms
[13:11:36][INFO ][FrameworkServlet.java: 525] - Initializing Servlet 'appServlet'
[13:11:37][INFO ][FrameworkServlet.java: 547] - Completed initialization in 534 ms
[14:33:25][INFO ][ContextLoader.java: 271] - Root WebApplicationContext: initialization started
[14:33:25][INFO ][ContextLoader.java: 307] - Root WebApplicationContext initialized in 503 ms
[14:33:25][INFO ][FrameworkServlet.java: 525] - Initializing Servlet 'appServlet'
[14:33:26][INFO ][FrameworkServlet.java: 547] - Completed initialization in 510 ms
[14:35:51][INFO ][ContextLoader.java: 271] - Root WebApplicationContext: initialization started
[14:35:51][INFO ][ContextLoader.java: 307] - Root WebApplicationContext initialized in 507 ms
[14:35:51][INFO ][FrameworkServlet.java: 525] - Initializing Servlet 'appServlet'
[14:35:52][INFO ][FrameworkServlet.java: 547] - Completed initialization in 531 ms
[15:07:30][INFO ][ContextLoader.java: 271] - Root WebApplicationContext: initialization started
[15:07:30][INFO ][ContextLoader.java: 307] - Root WebApplicationContext initialized in 547 ms
[15:07:31][INFO ][FrameworkServlet.java: 525] - Initializing Servlet 'appServlet'
[15:07:31][INFO ][FrameworkServlet.java: 547] - Completed initialization in 533 ms
[15:09:44][INFO ][ContextLoader.java: 271] - Root WebApplicationContext: initialization started
[15:09:45][INFO ][ContextLoader.java: 307] - Root WebApplicationContext initialized in 491 ms
[15:09:45][INFO ][FrameworkServlet.java: 525] - Initializing Servlet 'appServlet'
[15:09:45][INFO ][FrameworkServlet.java: 547] - Completed initialization in 513 ms
[15:24:19][INFO ][ContextLoader.java: 271] - Root WebApplicationContext: initialization started
[15:24:19][INFO ][ContextLoader.java: 307] - Root WebApplicationContext initialized in 495 ms
[15:24:19][INFO ][FrameworkServlet.java: 525] - Initializing Servlet 'appServlet'
[15:24:20][INFO ][FrameworkServlet.java: 547] - Completed initialization in 524 ms
[15:25:31][INFO ][ContextLoader.java: 271] - Root WebApplicationContext: initialization started
[15:25:32][INFO ][ContextLoader.java: 307] - Root WebApplicationContext initialized in 541 ms
[15:25:32][INFO ][FrameworkServlet.java: 525] - Initializing Servlet 'appServlet'
[15:25:32][INFO ][FrameworkServlet.java: 547] - Completed initialization in 555 ms
[15:27:17][INFO ][ContextLoader.java: 271] - Root WebApplicationContext: initialization started
[15:27:18][INFO ][ContextLoader.java: 307] - Root WebApplicationContext initialized in 514 ms
[15:27:18][INFO ][FrameworkServlet.java: 525] - Initializing Servlet 'appServlet'
[15:27:18][INFO ][FrameworkServlet.java: 547] - Completed initialization in 540 ms
[15:28:53][INFO ][ContextLoader.java: 271] - Root WebApplicationContext: initialization started
[15:28:54][INFO ][ContextLoader.java: 307] - Root WebApplicationContext initialized in 505 ms
[15:28:54][INFO ][FrameworkServlet.java: 525] - Initializing Servlet 'appServlet'
[15:28:54][INFO ][FrameworkServlet.java: 547] - Completed initialization in 533 ms
[15:30:41][INFO ][ContextLoader.java: 271] - Root WebApplicationContext: initialization started
[15:30:41][INFO ][ContextLoader.java: 307] - Root WebApplicationContext initialized in 507 ms
[15:30:41][INFO ][FrameworkServlet.java: 525] - Initializing Servlet 'appServlet'
[15:30:42][INFO ][FrameworkServlet.java: 547] - Completed initialization in 526 ms
[15:32:16][INFO ][ContextLoader.java: 271] - Root WebApplicationContext: initialization started
[15:32:16][INFO ][ContextLoader.java: 307] - Root WebApplicationContext initialized in 507 ms
[15:32:16][INFO ][FrameworkServlet.java: 525] - Initializing Servlet 'appServlet'
[15:32:17][INFO ][FrameworkServlet.java: 547] - Completed initialization in 514 ms
[15:32:39][INFO ][ContextLoader.java: 271] - Root WebApplicationContext: initialization started
[15:32:39][INFO ][ContextLoader.java: 307] - Root WebApplicationContext initialized in 507 ms
[15:32:39][INFO ][FrameworkServlet.java: 525] - Initializing Servlet 'appServlet'
[15:32:40][INFO ][FrameworkServlet.java: 547] - Completed initialization in 522 ms
[15:34:29][INFO ][ContextLoader.java: 271] - Root WebApplicationContext: initialization started
[15:34:29][INFO ][ContextLoader.java: 307] - Root WebApplicationContext initialized in 546 ms
[15:34:29][INFO ][FrameworkServlet.java: 525] - Initializing Servlet 'appServlet'
[15:34:30][INFO ][FrameworkServlet.java: 547] - Completed initialization in 531 ms
[15:35:32][INFO ][ContextLoader.java: 271] - Root WebApplicationContext: initialization started
[15:35:33][INFO ][ContextLoader.java: 307] - Root WebApplicationContext initialized in 507 ms
[15:35:33][INFO ][FrameworkServlet.java: 525] - Initializing Servlet 'appServlet'
[15:35:33][INFO ][FrameworkServlet.java: 547] - Completed initialization in 579 ms
[15:36:52][INFO ][ContextLoader.java: 271] - Root WebApplicationContext: initialization started
[15:36:53][INFO ][ContextLoader.java: 307] - Root WebApplicationContext initialized in 533 ms
[15:36:53][INFO ][FrameworkServlet.java: 525] - Initializing Servlet 'appServlet'
[15:36:54][INFO ][FrameworkServlet.java: 547] - Completed initialization in 549 ms
[15:39:40][INFO ][ContextLoader.java: 271] - Root WebApplicationContext: initialization started
[15:39:40][INFO ][ContextLoader.java: 307] - Root WebApplicationContext initialized in 510 ms
[15:39:40][INFO ][FrameworkServlet.java: 525] - Initializing Servlet 'appServlet'
[15:39:41][INFO ][FrameworkServlet.java: 547] - Completed initialization in 520 ms
[15:42:16][INFO ][ContextLoader.java: 271] - Root WebApplicationContext: initialization started
[15:42:16][INFO ][ContextLoader.java: 307] - Root WebApplicationContext initialized in 529 ms
[15:42:17][INFO ][FrameworkServlet.java: 525] - Initializing Servlet 'appServlet'
[15:42:17][INFO ][FrameworkServlet.java: 547] - Completed initialization in 531 ms
[15:48:40][INFO ][ContextLoader.java: 271] - Root WebApplicationContext: initialization started
[15:48:41][INFO ][ContextLoader.java: 307] - Root WebApplicationContext initialized in 513 ms
[15:48:41][INFO ][FrameworkServlet.java: 525] - Initializing Servlet 'appServlet'
[15:48:41][INFO ][FrameworkServlet.java: 547] - Completed initialization in 531 ms
[15:57:42][INFO ][ContextLoader.java: 271] - Root WebApplicationContext: initialization started
[15:57:43][INFO ][ContextLoader.java: 307] - Root WebApplicationContext initialized in 496 ms
[15:57:43][INFO ][FrameworkServlet.java: 525] - Initializing Servlet 'appServlet'
[15:57:43][INFO ][FrameworkServlet.java: 547] - Completed initialization in 549 ms
[16:25:01][INFO ][ContextLoader.java: 271] - Root WebApplicationContext: initialization started
[16:25:02][INFO ][ContextLoader.java: 307] - Root WebApplicationContext initialized in 524 ms
[16:25:02][INFO ][FrameworkServlet.java: 525] - Initializing Servlet 'appServlet'
[16:25:03][INFO ][FrameworkServlet.java: 547] - Completed initialization in 544 ms
[16:35:50][INFO ][ContextLoader.java: 271] - Root WebApplicationContext: initialization started
[16:35:51][INFO ][ContextLoader.java: 307] - Root WebApplicationContext initialized in 514 ms
[16:35:51][INFO ][FrameworkServlet.java: 525] - Initializing Servlet 'appServlet'
[16:35:52][INFO ][FrameworkServlet.java: 547] - Completed initialization in 571 ms
[16:36:40][INFO ][ContextLoader.java: 271] - Root WebApplicationContext: initialization started
[16:36:40][INFO ][ContextLoader.java: 307] - Root WebApplicationContext initialized in 511 ms
[16:36:40][INFO ][FrameworkServlet.java: 525] - Initializing Servlet 'appServlet'
[16:36:41][INFO ][FrameworkServlet.java: 547] - Completed initialization in 531 ms
[16:39:11][INFO ][ContextLoader.java: 271] - Root WebApplicationContext: initialization started
[16:39:11][INFO ][ContextLoader.java: 307] - Root WebApplicationContext initialized in 533 ms
[16:39:11][INFO ][FrameworkServlet.java: 525] - Initializing Servlet 'appServlet'
[16:39:12][INFO ][FrameworkServlet.java: 547] - Completed initialization in 568 ms
[16:40:40][INFO ][ContextLoader.java: 271] - Root WebApplicationContext: initialization started
[16:40:41][INFO ][ContextLoader.java: 307] - Root WebApplicationContext initialized in 486 ms
[16:40:41][INFO ][FrameworkServlet.java: 525] - Initializing Servlet 'appServlet'
[16:40:41][INFO ][FrameworkServlet.java: 547] - Completed initialization in 509 ms
[16:41:43][INFO ][ContextLoader.java: 271] - Root WebApplicationContext: initialization started
[16:41:43][INFO ][ContextLoader.java: 307] - Root WebApplicationContext initialized in 512 ms
[16:41:43][INFO ][FrameworkServlet.java: 525] - Initializing Servlet 'appServlet'
[16:41:44][INFO ][FrameworkServlet.java: 547] - Completed initialization in 519 ms
[16:45:35][INFO ][ContextLoader.java: 271] - Root WebApplicationContext: initialization started
[16:45:36][INFO ][ContextLoader.java: 307] - Root WebApplicationContext initialized in 545 ms
[16:45:36][INFO ][FrameworkServlet.java: 525] - Initializing Servlet 'appServlet'
[16:45:36][INFO ][FrameworkServlet.java: 547] - Completed initialization in 547 ms
[16:47:20][INFO ][ContextLoader.java: 271] - Root WebApplicationContext: initialization started
[16:47:21][INFO ][ContextLoader.java: 307] - Root WebApplicationContext initialized in 507 ms
[16:47:21][INFO ][FrameworkServlet.java: 525] - Initializing Servlet 'appServlet'
[16:47:22][INFO ][FrameworkServlet.java: 547] - Completed initialization in 513 ms
[16:52:33][INFO ][ContextLoader.java: 271] - Root WebApplicationContext: initialization started
[16:52:33][INFO ][ContextLoader.java: 307] - Root WebApplicationContext initialized in 505 ms
[16:52:33][INFO ][FrameworkServlet.java: 525] - Initializing Servlet 'appServlet'
[16:52:34][INFO ][FrameworkServlet.java: 547] - Completed initialization in 528 ms
[16:53:33][INFO ][ContextLoader.java: 271] - Root WebApplicationContext: initialization started
[16:53:34][INFO ][ContextLoader.java: 307] - Root WebApplicationContext initialized in 542 ms
[16:53:34][INFO ][FrameworkServlet.java: 525] - Initializing Servlet 'appServlet'
[16:53:34][INFO ][FrameworkServlet.java: 547] - Completed initialization in 559 ms
[17:12:05][INFO ][ContextLoader.java: 271] - Root WebApplicationContext: initialization started
[17:12:06][INFO ][ContextLoader.java: 307] - Root WebApplicationContext initialized in 534 ms
[17:12:06][INFO ][FrameworkServlet.java: 525] - Initializing Servlet 'appServlet'
[17:12:06][INFO ][FrameworkServlet.java: 547] - Completed initialization in 535 ms
[17:15:48][INFO ][ContextLoader.java: 271] - Root WebApplicationContext: initialization started
[17:15:49][INFO ][ContextLoader.java: 307] - Root WebApplicationContext initialized in 516 ms
[17:15:49][INFO ][FrameworkServlet.java: 525] - Initializing Servlet 'appServlet'
[17:15:49][INFO ][FrameworkServlet.java: 547] - Completed initialization in 534 ms
[17:43:35][INFO ][ContextLoader.java: 271] - Root WebApplicationContext: initialization started
[17:43:35][INFO ][ContextLoader.java: 307] - Root WebApplicationContext initialized in 525 ms
[17:43:35][INFO ][FrameworkServlet.java: 525] - Initializing Servlet 'appServlet'
[17:43:36][INFO ][FrameworkServlet.java: 547] - Completed initialization in 506 ms
[17:47:14][INFO ][ContextLoader.java: 271] - Root WebApplicationContext: initialization started
[17:47:14][INFO ][ContextLoader.java: 307] - Root WebApplicationContext initialized in 502 ms
[17:47:14][INFO ][FrameworkServlet.java: 525] - Initializing Servlet 'appServlet'
[17:47:15][INFO ][FrameworkServlet.java: 547] - Completed initialization in 517 ms
[17:51:26][INFO ][ContextLoader.java: 271] - Root WebApplicationContext: initialization started
[17:51:27][INFO ][ContextLoader.java: 307] - Root WebApplicationContext initialized in 503 ms
[17:51:27][INFO ][FrameworkServlet.java: 525] - Initializing Servlet 'appServlet'
[17:51:27][INFO ][FrameworkServlet.java: 547] - Completed initialization in 527 ms
[17:56:27][INFO ][ContextLoader.java: 271] - Root WebApplicationContext: initialization started
[17:56:27][INFO ][ContextLoader.java: 307] - Root WebApplicationContext initialized in 504 ms
[17:56:27][INFO ][FrameworkServlet.java: 525] - Initializing Servlet 'appServlet'
[17:56:28][INFO ][FrameworkServlet.java: 547] - Completed initialization in 511 ms
[19:10:11][INFO ][ContextLoader.java: 271] - Root WebApplicationContext: initialization started
[19:10:12][INFO ][ContextLoader.java: 307] - Root WebApplicationContext initialized in 590 ms
[19:10:12][INFO ][FrameworkServlet.java: 525] - Initializing Servlet 'appServlet'
[19:10:12][INFO ][FrameworkServlet.java: 547] - Completed initialization in 567 ms
[19:12:07][INFO ][ContextLoader.java: 271] - Root WebApplicationContext: initialization started
[19:12:08][INFO ][ContextLoader.java: 307] - Root WebApplicationContext initialized in 535 ms
[19:12:08][INFO ][FrameworkServlet.java: 525] - Initializing Servlet 'appServlet'
[19:12:09][INFO ][FrameworkServlet.java: 547] - Completed initialization in 554 ms
[19:12:49][ERROR][Slf4jSpyLogDelegator.java: 120] - 1. PreparedStatement.execute() INSERT INTO TB_MEMBER
		VALUES(M_SEQ.NEXTVAL, '홍길동', 'test@test.com', '$2a$10$.4vR7OEhgn9StorxKmwWCeJhcHDiOq9m.TVh2fE7L3oLV89ZlC21S', SYSDATE, NULL)
java.sql.SQLException: ORA-12899: "C##TESTPROJECT"."TB_MEMBER"."M_PASSWD" 열에 대한 값이 너무 큼(실제: 60, 최대값: 20)

	at oracle.jdbc.driver.T4CTTIoer11.processError(T4CTTIoer11.java:494)
	at oracle.jdbc.driver.T4CTTIoer11.processError(T4CTTIoer11.java:446)
	at oracle.jdbc.driver.T4C8Oall.processError(T4C8Oall.java:1052)
	at oracle.jdbc.driver.T4CTTIfun.receive(T4CTTIfun.java:537)
	at oracle.jdbc.driver.T4CTTIfun.doRPC(T4CTTIfun.java:255)
	at oracle.jdbc.driver.T4C8Oall.doOALL(T4C8Oall.java:610)
	at oracle.jdbc.driver.T4CPreparedStatement.doOall8(T4CPreparedStatement.java:253)
	at oracle.jdbc.driver.T4CPreparedStatement.doOall8(T4CPreparedStatement.java:86)
	at oracle.jdbc.driver.T4CPreparedStatement.executeForRows(T4CPreparedStatement.java:928)
	at oracle.jdbc.driver.OracleStatement.doExecuteWithTimeout(OracleStatement.java:1136)
	at oracle.jdbc.driver.OraclePreparedStatement.executeInternal(OraclePreparedStatement.java:3640)
	at oracle.jdbc.driver.T4CPreparedStatement.executeInternal(T4CPreparedStatement.java:1384)
	at oracle.jdbc.driver.OraclePreparedStatement.execute(OraclePreparedStatement.java:3752)
	at oracle.jdbc.driver.OraclePreparedStatementWrapper.execute(OraclePreparedStatementWrapper.java:1079)
	at org.apache.commons.dbcp.DelegatingPreparedStatement.execute(DelegatingPreparedStatement.java:172)
	at org.apache.commons.dbcp.DelegatingPreparedStatement.execute(DelegatingPreparedStatement.java:172)
	at net.sf.log4jdbc.PreparedStatementSpy.execute(PreparedStatementSpy.java:418)
	at org.apache.ibatis.executor.statement.PreparedStatementHandler.update(PreparedStatementHandler.java:47)
	at org.apache.ibatis.executor.statement.RoutingStatementHandler.update(RoutingStatementHandler.java:74)
	at org.apache.ibatis.executor.SimpleExecutor.doUpdate(SimpleExecutor.java:50)
	at org.apache.ibatis.executor.BaseExecutor.update(BaseExecutor.java:117)
	at org.apache.ibatis.session.defaults.DefaultSqlSession.update(DefaultSqlSession.java:197)
	at org.apache.ibatis.session.defaults.DefaultSqlSession.insert(DefaultSqlSession.java:184)
	at java.base/jdk.internal.reflect.NativeMethodAccessorImpl.invoke0(Native Method)
	at java.base/jdk.internal.reflect.NativeMethodAccessorImpl.invoke(NativeMethodAccessorImpl.java:62)
	at java.base/jdk.internal.reflect.DelegatingMethodAccessorImpl.invoke(DelegatingMethodAccessorImpl.java:43)
	at java.base/java.lang.reflect.Method.invoke(Method.java:566)
	at org.mybatis.spring.SqlSessionTemplate$SqlSessionInterceptor.invoke(SqlSessionTemplate.java:427)
	at com.sun.proxy.$Proxy9.insert(Unknown Source)
	at org.mybatis.spring.SqlSessionTemplate.insert(SqlSessionTemplate.java:272)
	at com.project.getdrive.member.model.dao.MemberDao.register(MemberDao.java:16)
	at com.project.getdrive.member.model.service.MemberServiceImpl.register(MemberServiceImpl.java:17)
	at com.project.getdrive.member.model.service.MemberServiceImpl$$FastClassBySpringCGLIB$$1ce01b81.invoke(<generated>)
	at org.springframework.cglib.proxy.MethodProxy.invoke(MethodProxy.java:218)
	at org.springframework.aop.framework.CglibAopProxy$CglibMethodInvocation.invokeJoinpoint(CglibAopProxy.java:793)
	at org.springframework.aop.framework.ReflectiveMethodInvocation.proceed(ReflectiveMethodInvocation.java:163)
	at org.springframework.aop.framework.CglibAopProxy$CglibMethodInvocation.proceed(CglibAopProxy.java:763)
	at org.springframework.transaction.interceptor.TransactionInterceptor$1.proceedWithInvocation(TransactionInterceptor.java:123)
	at org.springframework.transaction.interceptor.TransactionAspectSupport.invokeWithinTransaction(TransactionAspectSupport.java:388)
	at org.springframework.transaction.interceptor.TransactionInterceptor.invoke(TransactionInterceptor.java:119)
	at org.springframework.aop.framework.ReflectiveMethodInvocation.proceed(ReflectiveMethodInvocation.java:186)
	at org.springframework.aop.framework.CglibAopProxy$CglibMethodInvocation.proceed(CglibAopProxy.java:763)
	at org.springframework.aop.interceptor.ExposeInvocationInterceptor.invoke(ExposeInvocationInterceptor.java:97)
	at org.springframework.aop.framework.ReflectiveMethodInvocation.proceed(ReflectiveMethodInvocation.java:186)
	at org.springframework.aop.framework.CglibAopProxy$CglibMethodInvocation.proceed(CglibAopProxy.java:763)
	at org.springframework.aop.framework.CglibAopProxy$DynamicAdvisedInterceptor.intercept(CglibAopProxy.java:708)
	at com.project.getdrive.member.model.service.MemberServiceImpl$$EnhancerBySpringCGLIB$$8f61bc70.register(<generated>)
	at com.project.getdrive.member.controller.MemberController.register(MemberController.java:83)
	at java.base/jdk.internal.reflect.NativeMethodAccessorImpl.invoke0(Native Method)
	at java.base/jdk.internal.reflect.NativeMethodAccessorImpl.invoke(NativeMethodAccessorImpl.java:62)
	at java.base/jdk.internal.reflect.DelegatingMethodAccessorImpl.invoke(DelegatingMethodAccessorImpl.java:43)
	at java.base/java.lang.reflect.Method.invoke(Method.java:566)
	at org.springframework.web.method.support.InvocableHandlerMethod.doInvoke(InvocableHandlerMethod.java:205)
	at org.springframework.web.method.support.InvocableHandlerMethod.invokeForRequest(InvocableHandlerMethod.java:150)
	at org.springframework.web.servlet.mvc.method.annotation.ServletInvocableHandlerMethod.invokeAndHandle(ServletInvocableHandlerMethod.java:117)
	at org.springframework.web.servlet.mvc.method.annotation.RequestMappingHandlerAdapter.invokeHandlerMethod(RequestMappingHandlerAdapter.java:895)
	at org.springframework.web.servlet.mvc.method.annotation.RequestMappingHandlerAdapter.handleInternal(RequestMappingHandlerAdapter.java:808)
	at org.springframework.web.servlet.mvc.method.AbstractHandlerMethodAdapter.handle(AbstractHandlerMethodAdapter.java:87)
	at org.springframework.web.servlet.DispatcherServlet.doDispatch(DispatcherServlet.java:1067)
	at org.springframework.web.servlet.DispatcherServlet.doService(DispatcherServlet.java:963)
	at org.springframework.web.servlet.FrameworkServlet.processRequest(FrameworkServlet.java:1006)
	at org.springframework.web.servlet.FrameworkServlet.doPost(FrameworkServlet.java:909)
	at javax.servlet.http.HttpServlet.service(HttpServlet.java:555)
	at org.springframework.web.servlet.FrameworkServlet.service(FrameworkServlet.java:883)
	at javax.servlet.http.HttpServlet.service(HttpServlet.java:623)
	at org.apache.catalina.core.ApplicationFilterChain.internalDoFilter(ApplicationFilterChain.java:209)
	at org.apache.catalina.core.ApplicationFilterChain.doFilter(ApplicationFilterChain.java:153)
	at org.apache.tomcat.websocket.server.WsFilter.doFilter(WsFilter.java:51)
	at org.apache.catalina.core.ApplicationFilterChain.internalDoFilter(ApplicationFilterChain.java:178)
	at org.apache.catalina.core.ApplicationFilterChain.doFilter(ApplicationFilterChain.java:153)
	at org.springframework.web.filter.CharacterEncodingFilter.doFilterInternal(CharacterEncodingFilter.java:201)
	at org.springframework.web.filter.OncePerRequestFilter.doFilter(OncePerRequestFilter.java:117)
	at org.apache.catalina.core.ApplicationFilterChain.internalDoFilter(ApplicationFilterChain.java:178)
	at org.apache.catalina.core.ApplicationFilterChain.doFilter(ApplicationFilterChain.java:153)
	at org.apache.catalina.core.StandardWrapperValve.invoke(StandardWrapperValve.java:168)
	at org.apache.catalina.core.StandardContextValve.invoke(StandardContextValve.java:90)
	at org.apache.catalina.authenticator.AuthenticatorBase.invoke(AuthenticatorBase.java:481)
	at org.apache.catalina.core.StandardHostValve.invoke(StandardHostValve.java:130)
	at org.apache.catalina.valves.ErrorReportValve.invoke(ErrorReportValve.java:93)
	at org.apache.catalina.valves.AbstractAccessLogValve.invoke(AbstractAccessLogValve.java:670)
	at org.apache.catalina.core.StandardEngineValve.invoke(StandardEngineValve.java:74)
	at org.apache.catalina.connector.CoyoteAdapter.service(CoyoteAdapter.java:342)
	at org.apache.coyote.http11.Http11Processor.service(Http11Processor.java:390)
	at org.apache.coyote.AbstractProcessorLight.process(AbstractProcessorLight.java:63)
	at org.apache.coyote.AbstractProtocol$ConnectionHandler.process(AbstractProtocol.java:928)
	at org.apache.tomcat.util.net.NioEndpoint$SocketProcessor.doRun(NioEndpoint.java:1794)
	at org.apache.tomcat.util.net.SocketProcessorBase.run(SocketProcessorBase.java:52)
	at org.apache.tomcat.util.threads.ThreadPoolExecutor.runWorker(ThreadPoolExecutor.java:1191)
	at org.apache.tomcat.util.threads.ThreadPoolExecutor$Worker.run(ThreadPoolExecutor.java:659)
	at org.apache.tomcat.util.threads.TaskThread$WrappingRunnable.run(TaskThread.java:61)
	at java.base/java.lang.Thread.run(Thread.java:834)
Caused by: Error : 12899, Position : 57, Sql = INSERT INTO TB_MEMBER
		VALUES(M_SEQ.NEXTVAL, :1 , :2 , :3 , SYSDATE, NULL), OriginalSql = INSERT INTO TB_MEMBER
		VALUES(M_SEQ.NEXTVAL, ?, ?, ?, SYSDATE, NULL), Error Msg = ORA-12899: "C##TESTPROJECT"."TB_MEMBER"."M_PASSWD" 열에 대한 값이 너무 큼(실제: 60, 최대값: 20)

	at oracle.jdbc.driver.T4CTTIoer11.processError(T4CTTIoer11.java:498)
	... 90 more
[19:12:49][ERROR][Slf4jSpyLogDelegator.java: 139] - 1. PreparedStatement.execute() FAILED! INSERT INTO TB_MEMBER
		VALUES(M_SEQ.NEXTVAL, '홍길동', 'test@test.com', '$2a$10$.4vR7OEhgn9StorxKmwWCeJhcHDiOq9m.TVh2fE7L3oLV89ZlC21S', SYSDATE, NULL) {FAILED after 0 msec}
java.sql.SQLException: ORA-12899: "C##TESTPROJECT"."TB_MEMBER"."M_PASSWD" 열에 대한 값이 너무 큼(실제: 60, 최대값: 20)

	at oracle.jdbc.driver.T4CTTIoer11.processError(T4CTTIoer11.java:494)
	at oracle.jdbc.driver.T4CTTIoer11.processError(T4CTTIoer11.java:446)
	at oracle.jdbc.driver.T4C8Oall.processError(T4C8Oall.java:1052)
	at oracle.jdbc.driver.T4CTTIfun.receive(T4CTTIfun.java:537)
	at oracle.jdbc.driver.T4CTTIfun.doRPC(T4CTTIfun.java:255)
	at oracle.jdbc.driver.T4C8Oall.doOALL(T4C8Oall.java:610)
	at oracle.jdbc.driver.T4CPreparedStatement.doOall8(T4CPreparedStatement.java:253)
	at oracle.jdbc.driver.T4CPreparedStatement.doOall8(T4CPreparedStatement.java:86)
	at oracle.jdbc.driver.T4CPreparedStatement.executeForRows(T4CPreparedStatement.java:928)
	at oracle.jdbc.driver.OracleStatement.doExecuteWithTimeout(OracleStatement.java:1136)
	at oracle.jdbc.driver.OraclePreparedStatement.executeInternal(OraclePreparedStatement.java:3640)
	at oracle.jdbc.driver.T4CPreparedStatement.executeInternal(T4CPreparedStatement.java:1384)
	at oracle.jdbc.driver.OraclePreparedStatement.execute(OraclePreparedStatement.java:3752)
	at oracle.jdbc.driver.OraclePreparedStatementWrapper.execute(OraclePreparedStatementWrapper.java:1079)
	at org.apache.commons.dbcp.DelegatingPreparedStatement.execute(DelegatingPreparedStatement.java:172)
	at org.apache.commons.dbcp.DelegatingPreparedStatement.execute(DelegatingPreparedStatement.java:172)
	at net.sf.log4jdbc.PreparedStatementSpy.execute(PreparedStatementSpy.java:418)
	at org.apache.ibatis.executor.statement.PreparedStatementHandler.update(PreparedStatementHandler.java:47)
	at org.apache.ibatis.executor.statement.RoutingStatementHandler.update(RoutingStatementHandler.java:74)
	at org.apache.ibatis.executor.SimpleExecutor.doUpdate(SimpleExecutor.java:50)
	at org.apache.ibatis.executor.BaseExecutor.update(BaseExecutor.java:117)
	at org.apache.ibatis.session.defaults.DefaultSqlSession.update(DefaultSqlSession.java:197)
	at org.apache.ibatis.session.defaults.DefaultSqlSession.insert(DefaultSqlSession.java:184)
	at java.base/jdk.internal.reflect.NativeMethodAccessorImpl.invoke0(Native Method)
	at java.base/jdk.internal.reflect.NativeMethodAccessorImpl.invoke(NativeMethodAccessorImpl.java:62)
	at java.base/jdk.internal.reflect.DelegatingMethodAccessorImpl.invoke(DelegatingMethodAccessorImpl.java:43)
	at java.base/java.lang.reflect.Method.invoke(Method.java:566)
	at org.mybatis.spring.SqlSessionTemplate$SqlSessionInterceptor.invoke(SqlSessionTemplate.java:427)
	at com.sun.proxy.$Proxy9.insert(Unknown Source)
	at org.mybatis.spring.SqlSessionTemplate.insert(SqlSessionTemplate.java:272)
	at com.project.getdrive.member.model.dao.MemberDao.register(MemberDao.java:16)
	at com.project.getdrive.member.model.service.MemberServiceImpl.register(MemberServiceImpl.java:17)
	at com.project.getdrive.member.model.service.MemberServiceImpl$$FastClassBySpringCGLIB$$1ce01b81.invoke(<generated>)
	at org.springframework.cglib.proxy.MethodProxy.invoke(MethodProxy.java:218)
	at org.springframework.aop.framework.CglibAopProxy$CglibMethodInvocation.invokeJoinpoint(CglibAopProxy.java:793)
	at org.springframework.aop.framework.ReflectiveMethodInvocation.proceed(ReflectiveMethodInvocation.java:163)
	at org.springframework.aop.framework.CglibAopProxy$CglibMethodInvocation.proceed(CglibAopProxy.java:763)
	at org.springframework.transaction.interceptor.TransactionInterceptor$1.proceedWithInvocation(TransactionInterceptor.java:123)
	at org.springframework.transaction.interceptor.TransactionAspectSupport.invokeWithinTransaction(TransactionAspectSupport.java:388)
	at org.springframework.transaction.interceptor.TransactionInterceptor.invoke(TransactionInterceptor.java:119)
	at org.springframework.aop.framework.ReflectiveMethodInvocation.proceed(ReflectiveMethodInvocation.java:186)
	at org.springframework.aop.framework.CglibAopProxy$CglibMethodInvocation.proceed(CglibAopProxy.java:763)
	at org.springframework.aop.interceptor.ExposeInvocationInterceptor.invoke(ExposeInvocationInterceptor.java:97)
	at org.springframework.aop.framework.ReflectiveMethodInvocation.proceed(ReflectiveMethodInvocation.java:186)
	at org.springframework.aop.framework.CglibAopProxy$CglibMethodInvocation.proceed(CglibAopProxy.java:763)
	at org.springframework.aop.framework.CglibAopProxy$DynamicAdvisedInterceptor.intercept(CglibAopProxy.java:708)
	at com.project.getdrive.member.model.service.MemberServiceImpl$$EnhancerBySpringCGLIB$$8f61bc70.register(<generated>)
	at com.project.getdrive.member.controller.MemberController.register(MemberController.java:83)
	at java.base/jdk.internal.reflect.NativeMethodAccessorImpl.invoke0(Native Method)
	at java.base/jdk.internal.reflect.NativeMethodAccessorImpl.invoke(NativeMethodAccessorImpl.java:62)
	at java.base/jdk.internal.reflect.DelegatingMethodAccessorImpl.invoke(DelegatingMethodAccessorImpl.java:43)
	at java.base/java.lang.reflect.Method.invoke(Method.java:566)
	at org.springframework.web.method.support.InvocableHandlerMethod.doInvoke(InvocableHandlerMethod.java:205)
	at org.springframework.web.method.support.InvocableHandlerMethod.invokeForRequest(InvocableHandlerMethod.java:150)
	at org.springframework.web.servlet.mvc.method.annotation.ServletInvocableHandlerMethod.invokeAndHandle(ServletInvocableHandlerMethod.java:117)
	at org.springframework.web.servlet.mvc.method.annotation.RequestMappingHandlerAdapter.invokeHandlerMethod(RequestMappingHandlerAdapter.java:895)
	at org.springframework.web.servlet.mvc.method.annotation.RequestMappingHandlerAdapter.handleInternal(RequestMappingHandlerAdapter.java:808)
	at org.springframework.web.servlet.mvc.method.AbstractHandlerMethodAdapter.handle(AbstractHandlerMethodAdapter.java:87)
	at org.springframework.web.servlet.DispatcherServlet.doDispatch(DispatcherServlet.java:1067)
	at org.springframework.web.servlet.DispatcherServlet.doService(DispatcherServlet.java:963)
	at org.springframework.web.servlet.FrameworkServlet.processRequest(FrameworkServlet.java:1006)
	at org.springframework.web.servlet.FrameworkServlet.doPost(FrameworkServlet.java:909)
	at javax.servlet.http.HttpServlet.service(HttpServlet.java:555)
	at org.springframework.web.servlet.FrameworkServlet.service(FrameworkServlet.java:883)
	at javax.servlet.http.HttpServlet.service(HttpServlet.java:623)
	at org.apache.catalina.core.ApplicationFilterChain.internalDoFilter(ApplicationFilterChain.java:209)
	at org.apache.catalina.core.ApplicationFilterChain.doFilter(ApplicationFilterChain.java:153)
	at org.apache.tomcat.websocket.server.WsFilter.doFilter(WsFilter.java:51)
	at org.apache.catalina.core.ApplicationFilterChain.internalDoFilter(ApplicationFilterChain.java:178)
	at org.apache.catalina.core.ApplicationFilterChain.doFilter(ApplicationFilterChain.java:153)
	at org.springframework.web.filter.CharacterEncodingFilter.doFilterInternal(CharacterEncodingFilter.java:201)
	at org.springframework.web.filter.OncePerRequestFilter.doFilter(OncePerRequestFilter.java:117)
	at org.apache.catalina.core.ApplicationFilterChain.internalDoFilter(ApplicationFilterChain.java:178)
	at org.apache.catalina.core.ApplicationFilterChain.doFilter(ApplicationFilterChain.java:153)
	at org.apache.catalina.core.StandardWrapperValve.invoke(StandardWrapperValve.java:168)
	at org.apache.catalina.core.StandardContextValve.invoke(StandardContextValve.java:90)
	at org.apache.catalina.authenticator.AuthenticatorBase.invoke(AuthenticatorBase.java:481)
	at org.apache.catalina.core.StandardHostValve.invoke(StandardHostValve.java:130)
	at org.apache.catalina.valves.ErrorReportValve.invoke(ErrorReportValve.java:93)
	at org.apache.catalina.valves.AbstractAccessLogValve.invoke(AbstractAccessLogValve.java:670)
	at org.apache.catalina.core.StandardEngineValve.invoke(StandardEngineValve.java:74)
	at org.apache.catalina.connector.CoyoteAdapter.service(CoyoteAdapter.java:342)
	at org.apache.coyote.http11.Http11Processor.service(Http11Processor.java:390)
	at org.apache.coyote.AbstractProcessorLight.process(AbstractProcessorLight.java:63)
	at org.apache.coyote.AbstractProtocol$ConnectionHandler.process(AbstractProtocol.java:928)
	at org.apache.tomcat.util.net.NioEndpoint$SocketProcessor.doRun(NioEndpoint.java:1794)
	at org.apache.tomcat.util.net.SocketProcessorBase.run(SocketProcessorBase.java:52)
	at org.apache.tomcat.util.threads.ThreadPoolExecutor.runWorker(ThreadPoolExecutor.java:1191)
	at org.apache.tomcat.util.threads.ThreadPoolExecutor$Worker.run(ThreadPoolExecutor.java:659)
	at org.apache.tomcat.util.threads.TaskThread$WrappingRunnable.run(TaskThread.java:61)
	at java.base/java.lang.Thread.run(Thread.java:834)
Caused by: Error : 12899, Position : 57, Sql = INSERT INTO TB_MEMBER
		VALUES(M_SEQ.NEXTVAL, :1 , :2 , :3 , SYSDATE, NULL), OriginalSql = INSERT INTO TB_MEMBER
		VALUES(M_SEQ.NEXTVAL, ?, ?, ?, SYSDATE, NULL), Error Msg = ORA-12899: "C##TESTPROJECT"."TB_MEMBER"."M_PASSWD" 열에 대한 값이 너무 큼(실제: 60, 최대값: 20)

	at oracle.jdbc.driver.T4CTTIoer11.processError(T4CTTIoer11.java:498)
	... 90 more
[19:14:25][INFO ][ContextLoader.java: 271] - Root WebApplicationContext: initialization started
[19:14:25][INFO ][ContextLoader.java: 307] - Root WebApplicationContext initialized in 541 ms
[19:14:25][INFO ][FrameworkServlet.java: 525] - Initializing Servlet 'appServlet'
[19:14:26][INFO ][FrameworkServlet.java: 547] - Completed initialization in 531 ms
[21:25:35][INFO ][ContextLoader.java: 271] - Root WebApplicationContext: initialization started
[21:25:36][INFO ][ContextLoader.java: 307] - Root WebApplicationContext initialized in 543 ms
[21:25:36][INFO ][FrameworkServlet.java: 525] - Initializing Servlet 'appServlet'
[21:25:37][INFO ][FrameworkServlet.java: 547] - Completed initialization in 759 ms
[21:27:43][INFO ][ContextLoader.java: 271] - Root WebApplicationContext: initialization started
[21:27:43][INFO ][ContextLoader.java: 307] - Root WebApplicationContext initialized in 522 ms
[21:27:43][INFO ][FrameworkServlet.java: 525] - Initializing Servlet 'appServlet'
[21:27:44][INFO ][FrameworkServlet.java: 547] - Completed initialization in 743 ms
[21:28:34][ERROR][Slf4jSpyLogDelegator.java: 120] - 6. PreparedStatement.execute() select *
		from (select rownum rnum, S_NO, S_MENU, S_TITLE, S_CONTENT, 
		          S_DATE, S_CRUID, S_ID, S_CTID, S_TID
		     from (select * from TB_SEARCH
		           where ( S_TITLE like '%' || '2' || '%' ) 
					or ( S_CONTENT like '%' || '2' || '%' )
		           order by s_no desc))
		where rnum between 1 and 10
java.sql.SQLSyntaxErrorException: ORA-00904: "S_CTID": 부적합한 식별자

	at oracle.jdbc.driver.T4CTTIoer11.processError(T4CTTIoer11.java:494)
	at oracle.jdbc.driver.T4CTTIoer11.processError(T4CTTIoer11.java:446)
	at oracle.jdbc.driver.T4C8Oall.processError(T4C8Oall.java:1052)
	at oracle.jdbc.driver.T4CTTIfun.receive(T4CTTIfun.java:537)
	at oracle.jdbc.driver.T4CTTIfun.doRPC(T4CTTIfun.java:255)
	at oracle.jdbc.driver.T4C8Oall.doOALL(T4C8Oall.java:610)
	at oracle.jdbc.driver.T4CPreparedStatement.doOall8(T4CPreparedStatement.java:253)
	at oracle.jdbc.driver.T4CPreparedStatement.doOall8(T4CPreparedStatement.java:86)
	at oracle.jdbc.driver.T4CPreparedStatement.executeForDescribe(T4CPreparedStatement.java:765)
	at oracle.jdbc.driver.OracleStatement.executeMaybeDescribe(OracleStatement.java:921)
	at oracle.jdbc.driver.OracleStatement.doExecuteWithTimeout(OracleStatement.java:1099)
	at oracle.jdbc.driver.OraclePreparedStatement.executeInternal(OraclePreparedStatement.java:3640)
	at oracle.jdbc.driver.T4CPreparedStatement.executeInternal(T4CPreparedStatement.java:1384)
	at oracle.jdbc.driver.OraclePreparedStatement.execute(OraclePreparedStatement.java:3752)
	at oracle.jdbc.driver.OraclePreparedStatementWrapper.execute(OraclePreparedStatementWrapper.java:1079)
	at org.apache.commons.dbcp.DelegatingPreparedStatement.execute(DelegatingPreparedStatement.java:172)
	at org.apache.commons.dbcp.DelegatingPreparedStatement.execute(DelegatingPreparedStatement.java:172)
	at net.sf.log4jdbc.PreparedStatementSpy.execute(PreparedStatementSpy.java:418)
	at org.apache.ibatis.executor.statement.PreparedStatementHandler.query(PreparedStatementHandler.java:64)
	at org.apache.ibatis.executor.statement.RoutingStatementHandler.query(RoutingStatementHandler.java:79)
	at org.apache.ibatis.executor.SimpleExecutor.doQuery(SimpleExecutor.java:63)
	at org.apache.ibatis.executor.BaseExecutor.queryFromDatabase(BaseExecutor.java:325)
	at org.apache.ibatis.executor.BaseExecutor.query(BaseExecutor.java:156)
	at org.apache.ibatis.executor.BaseExecutor.query(BaseExecutor.java:136)
	at org.apache.ibatis.session.defaults.DefaultSqlSession.selectList(DefaultSqlSession.java:147)
	at org.apache.ibatis.session.defaults.DefaultSqlSession.selectList(DefaultSqlSession.java:140)
	at java.base/jdk.internal.reflect.NativeMethodAccessorImpl.invoke0(Native Method)
	at java.base/jdk.internal.reflect.NativeMethodAccessorImpl.invoke(NativeMethodAccessorImpl.java:62)
	at java.base/jdk.internal.reflect.DelegatingMethodAccessorImpl.invoke(DelegatingMethodAccessorImpl.java:43)
	at java.base/java.lang.reflect.Method.invoke(Method.java:566)
	at org.mybatis.spring.SqlSessionTemplate$SqlSessionInterceptor.invoke(SqlSessionTemplate.java:427)
	at com.sun.proxy.$Proxy9.selectList(Unknown Source)
	at org.mybatis.spring.SqlSessionTemplate.selectList(SqlSessionTemplate.java:224)
	at com.project.getdrive.search.model.dao.SearchDao.selectSearch(SearchDao.java:24)
	at com.project.getdrive.search.model.service.SearchServiceImpl.selectSearch(SearchServiceImpl.java:25)
	at com.project.getdrive.search.model.service.SearchServiceImpl$$FastClassBySpringCGLIB$$9c508ec1.invoke(<generated>)
	at org.springframework.cglib.proxy.MethodProxy.invoke(MethodProxy.java:218)
	at org.springframework.aop.framework.CglibAopProxy$CglibMethodInvocation.invokeJoinpoint(CglibAopProxy.java:793)
	at org.springframework.aop.framework.ReflectiveMethodInvocation.proceed(ReflectiveMethodInvocation.java:163)
	at org.springframework.aop.framework.CglibAopProxy$CglibMethodInvocation.proceed(CglibAopProxy.java:763)
	at org.springframework.transaction.interceptor.TransactionInterceptor$1.proceedWithInvocation(TransactionInterceptor.java:123)
	at org.springframework.transaction.interceptor.TransactionAspectSupport.invokeWithinTransaction(TransactionAspectSupport.java:388)
	at org.springframework.transaction.interceptor.TransactionInterceptor.invoke(TransactionInterceptor.java:119)
	at org.springframework.aop.framework.ReflectiveMethodInvocation.proceed(ReflectiveMethodInvocation.java:186)
	at org.springframework.aop.framework.CglibAopProxy$CglibMethodInvocation.proceed(CglibAopProxy.java:763)
	at org.springframework.aop.interceptor.ExposeInvocationInterceptor.invoke(ExposeInvocationInterceptor.java:97)
	at org.springframework.aop.framework.ReflectiveMethodInvocation.proceed(ReflectiveMethodInvocation.java:186)
	at org.springframework.aop.framework.CglibAopProxy$CglibMethodInvocation.proceed(CglibAopProxy.java:763)
	at org.springframework.aop.framework.CglibAopProxy$DynamicAdvisedInterceptor.intercept(CglibAopProxy.java:708)
	at com.project.getdrive.search.model.service.SearchServiceImpl$$EnhancerBySpringCGLIB$$6c1cb77b.selectSearch(<generated>)
	at com.project.getdrive.search.controller.SearchContoller.boradSearchTitleMethod(SearchContoller.java:63)
	at java.base/jdk.internal.reflect.NativeMethodAccessorImpl.invoke0(Native Method)
	at java.base/jdk.internal.reflect.NativeMethodAccessorImpl.invoke(NativeMethodAccessorImpl.java:62)
	at java.base/jdk.internal.reflect.DelegatingMethodAccessorImpl.invoke(DelegatingMethodAccessorImpl.java:43)
	at java.base/java.lang.reflect.Method.invoke(Method.java:566)
	at org.springframework.web.method.support.InvocableHandlerMethod.doInvoke(InvocableHandlerMethod.java:205)
	at org.springframework.web.method.support.InvocableHandlerMethod.invokeForRequest(InvocableHandlerMethod.java:150)
	at org.springframework.web.servlet.mvc.method.annotation.ServletInvocableHandlerMethod.invokeAndHandle(ServletInvocableHandlerMethod.java:117)
	at org.springframework.web.servlet.mvc.method.annotation.RequestMappingHandlerAdapter.invokeHandlerMethod(RequestMappingHandlerAdapter.java:895)
	at org.springframework.web.servlet.mvc.method.annotation.RequestMappingHandlerAdapter.handleInternal(RequestMappingHandlerAdapter.java:808)
	at org.springframework.web.servlet.mvc.method.AbstractHandlerMethodAdapter.handle(AbstractHandlerMethodAdapter.java:87)
	at org.springframework.web.servlet.DispatcherServlet.doDispatch(DispatcherServlet.java:1067)
	at org.springframework.web.servlet.DispatcherServlet.doService(DispatcherServlet.java:963)
	at org.springframework.web.servlet.FrameworkServlet.processRequest(FrameworkServlet.java:1006)
	at org.springframework.web.servlet.FrameworkServlet.doPost(FrameworkServlet.java:909)
	at javax.servlet.http.HttpServlet.service(HttpServlet.java:555)
	at org.springframework.web.servlet.FrameworkServlet.service(FrameworkServlet.java:883)
	at javax.servlet.http.HttpServlet.service(HttpServlet.java:623)
	at org.apache.catalina.core.ApplicationFilterChain.internalDoFilter(ApplicationFilterChain.java:209)
	at org.apache.catalina.core.ApplicationFilterChain.doFilter(ApplicationFilterChain.java:153)
	at org.apache.tomcat.websocket.server.WsFilter.doFilter(WsFilter.java:51)
	at org.apache.catalina.core.ApplicationFilterChain.internalDoFilter(ApplicationFilterChain.java:178)
	at org.apache.catalina.core.ApplicationFilterChain.doFilter(ApplicationFilterChain.java:153)
	at org.springframework.web.filter.CharacterEncodingFilter.doFilterInternal(CharacterEncodingFilter.java:201)
	at org.springframework.web.filter.OncePerRequestFilter.doFilter(OncePerRequestFilter.java:117)
	at org.apache.catalina.core.ApplicationFilterChain.internalDoFilter(ApplicationFilterChain.java:178)
	at org.apache.catalina.core.ApplicationFilterChain.doFilter(ApplicationFilterChain.java:153)
	at org.apache.catalina.core.StandardWrapperValve.invoke(StandardWrapperValve.java:168)
	at org.apache.catalina.core.StandardContextValve.invoke(StandardContextValve.java:90)
	at org.apache.catalina.authenticator.AuthenticatorBase.invoke(AuthenticatorBase.java:481)
	at org.apache.catalina.core.StandardHostValve.invoke(StandardHostValve.java:130)
	at org.apache.catalina.valves.ErrorReportValve.invoke(ErrorReportValve.java:93)
	at org.apache.catalina.valves.AbstractAccessLogValve.invoke(AbstractAccessLogValve.java:670)
	at org.apache.catalina.core.StandardEngineValve.invoke(StandardEngineValve.java:74)
	at org.apache.catalina.connector.CoyoteAdapter.service(CoyoteAdapter.java:342)
	at org.apache.coyote.http11.Http11Processor.service(Http11Processor.java:390)
	at org.apache.coyote.AbstractProcessorLight.process(AbstractProcessorLight.java:63)
	at org.apache.coyote.AbstractProtocol$ConnectionHandler.process(AbstractProtocol.java:928)
	at org.apache.tomcat.util.net.NioEndpoint$SocketProcessor.doRun(NioEndpoint.java:1794)
	at org.apache.tomcat.util.net.SocketProcessorBase.run(SocketProcessorBase.java:52)
	at org.apache.tomcat.util.threads.ThreadPoolExecutor.runWorker(ThreadPoolExecutor.java:1191)
	at org.apache.tomcat.util.threads.ThreadPoolExecutor$Worker.run(ThreadPoolExecutor.java:659)
	at org.apache.tomcat.util.threads.TaskThread$WrappingRunnable.run(TaskThread.java:61)
	at java.base/java.lang.Thread.run(Thread.java:834)
Caused by: Error : 904, Position : 107, Sql = select *
		from (select rownum rnum, S_NO, S_MENU, S_TITLE, S_CONTENT, 
		          S_DATE, S_CRUID, S_ID, S_CTID, S_TID
		     from (select * from TB_SEARCH
		           where ( S_TITLE like '%' || :1  || '%' ) 
					or ( S_CONTENT like '%' || :2  || '%' )
		           order by s_no desc))
		where rnum between :3  and :4 , OriginalSql = select *
		from (select rownum rnum, S_NO, S_MENU, S_TITLE, S_CONTENT, 
		          S_DATE, S_CRUID, S_ID, S_CTID, S_TID
		     from (select * from TB_SEARCH
		           where ( S_TITLE like '%' || ? || '%' ) 
					or ( S_CONTENT like '%' || ? || '%' )
		           order by s_no desc))
		where rnum between ? and ?, Error Msg = ORA-00904: "S_CTID": 부적합한 식별자

	at oracle.jdbc.driver.T4CTTIoer11.processError(T4CTTIoer11.java:498)
	... 93 more
[21:28:34][ERROR][Slf4jSpyLogDelegator.java: 139] - 6. PreparedStatement.execute() FAILED! select *
		from (select rownum rnum, S_NO, S_MENU, S_TITLE, S_CONTENT, 
		          S_DATE, S_CRUID, S_ID, S_CTID, S_TID
		     from (select * from TB_SEARCH
		           where ( S_TITLE like '%' || '2' || '%' ) 
					or ( S_CONTENT like '%' || '2' || '%' )
		           order by s_no desc))
		where rnum between 1 and 10 {FAILED after 5 msec}
java.sql.SQLSyntaxErrorException: ORA-00904: "S_CTID": 부적합한 식별자

	at oracle.jdbc.driver.T4CTTIoer11.processError(T4CTTIoer11.java:494)
	at oracle.jdbc.driver.T4CTTIoer11.processError(T4CTTIoer11.java:446)
	at oracle.jdbc.driver.T4C8Oall.processError(T4C8Oall.java:1052)
	at oracle.jdbc.driver.T4CTTIfun.receive(T4CTTIfun.java:537)
	at oracle.jdbc.driver.T4CTTIfun.doRPC(T4CTTIfun.java:255)
	at oracle.jdbc.driver.T4C8Oall.doOALL(T4C8Oall.java:610)
	at oracle.jdbc.driver.T4CPreparedStatement.doOall8(T4CPreparedStatement.java:253)
	at oracle.jdbc.driver.T4CPreparedStatement.doOall8(T4CPreparedStatement.java:86)
	at oracle.jdbc.driver.T4CPreparedStatement.executeForDescribe(T4CPreparedStatement.java:765)
	at oracle.jdbc.driver.OracleStatement.executeMaybeDescribe(OracleStatement.java:921)
	at oracle.jdbc.driver.OracleStatement.doExecuteWithTimeout(OracleStatement.java:1099)
	at oracle.jdbc.driver.OraclePreparedStatement.executeInternal(OraclePreparedStatement.java:3640)
	at oracle.jdbc.driver.T4CPreparedStatement.executeInternal(T4CPreparedStatement.java:1384)
	at oracle.jdbc.driver.OraclePreparedStatement.execute(OraclePreparedStatement.java:3752)
	at oracle.jdbc.driver.OraclePreparedStatementWrapper.execute(OraclePreparedStatementWrapper.java:1079)
	at org.apache.commons.dbcp.DelegatingPreparedStatement.execute(DelegatingPreparedStatement.java:172)
	at org.apache.commons.dbcp.DelegatingPreparedStatement.execute(DelegatingPreparedStatement.java:172)
	at net.sf.log4jdbc.PreparedStatementSpy.execute(PreparedStatementSpy.java:418)
	at org.apache.ibatis.executor.statement.PreparedStatementHandler.query(PreparedStatementHandler.java:64)
	at org.apache.ibatis.executor.statement.RoutingStatementHandler.query(RoutingStatementHandler.java:79)
	at org.apache.ibatis.executor.SimpleExecutor.doQuery(SimpleExecutor.java:63)
	at org.apache.ibatis.executor.BaseExecutor.queryFromDatabase(BaseExecutor.java:325)
	at org.apache.ibatis.executor.BaseExecutor.query(BaseExecutor.java:156)
	at org.apache.ibatis.executor.BaseExecutor.query(BaseExecutor.java:136)
	at org.apache.ibatis.session.defaults.DefaultSqlSession.selectList(DefaultSqlSession.java:147)
	at org.apache.ibatis.session.defaults.DefaultSqlSession.selectList(DefaultSqlSession.java:140)
	at java.base/jdk.internal.reflect.NativeMethodAccessorImpl.invoke0(Native Method)
	at java.base/jdk.internal.reflect.NativeMethodAccessorImpl.invoke(NativeMethodAccessorImpl.java:62)
	at java.base/jdk.internal.reflect.DelegatingMethodAccessorImpl.invoke(DelegatingMethodAccessorImpl.java:43)
	at java.base/java.lang.reflect.Method.invoke(Method.java:566)
	at org.mybatis.spring.SqlSessionTemplate$SqlSessionInterceptor.invoke(SqlSessionTemplate.java:427)
	at com.sun.proxy.$Proxy9.selectList(Unknown Source)
	at org.mybatis.spring.SqlSessionTemplate.selectList(SqlSessionTemplate.java:224)
	at com.project.getdrive.search.model.dao.SearchDao.selectSearch(SearchDao.java:24)
	at com.project.getdrive.search.model.service.SearchServiceImpl.selectSearch(SearchServiceImpl.java:25)
	at com.project.getdrive.search.model.service.SearchServiceImpl$$FastClassBySpringCGLIB$$9c508ec1.invoke(<generated>)
	at org.springframework.cglib.proxy.MethodProxy.invoke(MethodProxy.java:218)
	at org.springframework.aop.framework.CglibAopProxy$CglibMethodInvocation.invokeJoinpoint(CglibAopProxy.java:793)
	at org.springframework.aop.framework.ReflectiveMethodInvocation.proceed(ReflectiveMethodInvocation.java:163)
	at org.springframework.aop.framework.CglibAopProxy$CglibMethodInvocation.proceed(CglibAopProxy.java:763)
	at org.springframework.transaction.interceptor.TransactionInterceptor$1.proceedWithInvocation(TransactionInterceptor.java:123)
	at org.springframework.transaction.interceptor.TransactionAspectSupport.invokeWithinTransaction(TransactionAspectSupport.java:388)
	at org.springframework.transaction.interceptor.TransactionInterceptor.invoke(TransactionInterceptor.java:119)
	at org.springframework.aop.framework.ReflectiveMethodInvocation.proceed(ReflectiveMethodInvocation.java:186)
	at org.springframework.aop.framework.CglibAopProxy$CglibMethodInvocation.proceed(CglibAopProxy.java:763)
	at org.springframework.aop.interceptor.ExposeInvocationInterceptor.invoke(ExposeInvocationInterceptor.java:97)
	at org.springframework.aop.framework.ReflectiveMethodInvocation.proceed(ReflectiveMethodInvocation.java:186)
	at org.springframework.aop.framework.CglibAopProxy$CglibMethodInvocation.proceed(CglibAopProxy.java:763)
	at org.springframework.aop.framework.CglibAopProxy$DynamicAdvisedInterceptor.intercept(CglibAopProxy.java:708)
	at com.project.getdrive.search.model.service.SearchServiceImpl$$EnhancerBySpringCGLIB$$6c1cb77b.selectSearch(<generated>)
	at com.project.getdrive.search.controller.SearchContoller.boradSearchTitleMethod(SearchContoller.java:63)
	at java.base/jdk.internal.reflect.NativeMethodAccessorImpl.invoke0(Native Method)
	at java.base/jdk.internal.reflect.NativeMethodAccessorImpl.invoke(NativeMethodAccessorImpl.java:62)
	at java.base/jdk.internal.reflect.DelegatingMethodAccessorImpl.invoke(DelegatingMethodAccessorImpl.java:43)
	at java.base/java.lang.reflect.Method.invoke(Method.java:566)
	at org.springframework.web.method.support.InvocableHandlerMethod.doInvoke(InvocableHandlerMethod.java:205)
	at org.springframework.web.method.support.InvocableHandlerMethod.invokeForRequest(InvocableHandlerMethod.java:150)
	at org.springframework.web.servlet.mvc.method.annotation.ServletInvocableHandlerMethod.invokeAndHandle(ServletInvocableHandlerMethod.java:117)
	at org.springframework.web.servlet.mvc.method.annotation.RequestMappingHandlerAdapter.invokeHandlerMethod(RequestMappingHandlerAdapter.java:895)
	at org.springframework.web.servlet.mvc.method.annotation.RequestMappingHandlerAdapter.handleInternal(RequestMappingHandlerAdapter.java:808)
	at org.springframework.web.servlet.mvc.method.AbstractHandlerMethodAdapter.handle(AbstractHandlerMethodAdapter.java:87)
	at org.springframework.web.servlet.DispatcherServlet.doDispatch(DispatcherServlet.java:1067)
	at org.springframework.web.servlet.DispatcherServlet.doService(DispatcherServlet.java:963)
	at org.springframework.web.servlet.FrameworkServlet.processRequest(FrameworkServlet.java:1006)
	at org.springframework.web.servlet.FrameworkServlet.doPost(FrameworkServlet.java:909)
	at javax.servlet.http.HttpServlet.service(HttpServlet.java:555)
	at org.springframework.web.servlet.FrameworkServlet.service(FrameworkServlet.java:883)
	at javax.servlet.http.HttpServlet.service(HttpServlet.java:623)
	at org.apache.catalina.core.ApplicationFilterChain.internalDoFilter(ApplicationFilterChain.java:209)
	at org.apache.catalina.core.ApplicationFilterChain.doFilter(ApplicationFilterChain.java:153)
	at org.apache.tomcat.websocket.server.WsFilter.doFilter(WsFilter.java:51)
	at org.apache.catalina.core.ApplicationFilterChain.internalDoFilter(ApplicationFilterChain.java:178)
	at org.apache.catalina.core.ApplicationFilterChain.doFilter(ApplicationFilterChain.java:153)
	at org.springframework.web.filter.CharacterEncodingFilter.doFilterInternal(CharacterEncodingFilter.java:201)
	at org.springframework.web.filter.OncePerRequestFilter.doFilter(OncePerRequestFilter.java:117)
	at org.apache.catalina.core.ApplicationFilterChain.internalDoFilter(ApplicationFilterChain.java:178)
	at org.apache.catalina.core.ApplicationFilterChain.doFilter(ApplicationFilterChain.java:153)
	at org.apache.catalina.core.StandardWrapperValve.invoke(StandardWrapperValve.java:168)
	at org.apache.catalina.core.StandardContextValve.invoke(StandardContextValve.java:90)
	at org.apache.catalina.authenticator.AuthenticatorBase.invoke(AuthenticatorBase.java:481)
	at org.apache.catalina.core.StandardHostValve.invoke(StandardHostValve.java:130)
	at org.apache.catalina.valves.ErrorReportValve.invoke(ErrorReportValve.java:93)
	at org.apache.catalina.valves.AbstractAccessLogValve.invoke(AbstractAccessLogValve.java:670)
	at org.apache.catalina.core.StandardEngineValve.invoke(StandardEngineValve.java:74)
	at org.apache.catalina.connector.CoyoteAdapter.service(CoyoteAdapter.java:342)
	at org.apache.coyote.http11.Http11Processor.service(Http11Processor.java:390)
	at org.apache.coyote.AbstractProcessorLight.process(AbstractProcessorLight.java:63)
	at org.apache.coyote.AbstractProtocol$ConnectionHandler.process(AbstractProtocol.java:928)
	at org.apache.tomcat.util.net.NioEndpoint$SocketProcessor.doRun(NioEndpoint.java:1794)
	at org.apache.tomcat.util.net.SocketProcessorBase.run(SocketProcessorBase.java:52)
	at org.apache.tomcat.util.threads.ThreadPoolExecutor.runWorker(ThreadPoolExecutor.java:1191)
	at org.apache.tomcat.util.threads.ThreadPoolExecutor$Worker.run(ThreadPoolExecutor.java:659)
	at org.apache.tomcat.util.threads.TaskThread$WrappingRunnable.run(TaskThread.java:61)
	at java.base/java.lang.Thread.run(Thread.java:834)
Caused by: Error : 904, Position : 107, Sql = select *
		from (select rownum rnum, S_NO, S_MENU, S_TITLE, S_CONTENT, 
		          S_DATE, S_CRUID, S_ID, S_CTID, S_TID
		     from (select * from TB_SEARCH
		           where ( S_TITLE like '%' || :1  || '%' ) 
					or ( S_CONTENT like '%' || :2  || '%' )
		           order by s_no desc))
		where rnum between :3  and :4 , OriginalSql = select *
		from (select rownum rnum, S_NO, S_MENU, S_TITLE, S_CONTENT, 
		          S_DATE, S_CRUID, S_ID, S_CTID, S_TID
		     from (select * from TB_SEARCH
		           where ( S_TITLE like '%' || ? || '%' ) 
					or ( S_CONTENT like '%' || ? || '%' )
		           order by s_no desc))
		where rnum between ? and ?, Error Msg = ORA-00904: "S_CTID": 부적합한 식별자

	at oracle.jdbc.driver.T4CTTIoer11.processError(T4CTTIoer11.java:498)
	... 93 more
